<?xml version="1.0" encoding="UTF-8"?>
<!DOCTYPE suite SYSTEM "http://testng.org/testng-1.0.dtd" >
<suite name="TestPlanetaKino" verbose="5">
	<test name="TestPLanetaKinoBuyTicket">
		<classes>
			<class name="framework.planetakino.buytickets.PlanetaKinoBuyTicketsTest" />
		</classes>
	</test>
</suite>