<?xml version="1.0" encoding="UTF-8"?>
<!DOCTYPE suite SYSTEM "http://testng.org/testng-1.0.dtd" >
<suite name="TestGurruPremier" verbose="5">
	<test name="TestGurruPremierCreateContact">
		<classes>
			<class name="framework.gurruPremier.createContact.GurruPremierCreateContactTest" />
		</classes>
	</test>
</suite>