<?xml version="1.0" encoding="UTF-8"?>
<!DOCTYPE suite SYSTEM "http://testng.org/testng-1.0.dtd" >
<suite name="TestMyHit" verbose="5">
	<test name="TestMyHitActor">
		<classes>
			<class name="framework.myhit.actortest.MyHitActorTest" />
		</classes>
	</test>
</suite>