<?xml version="1.0" encoding="UTF-8"?>
<!DOCTYPE suite SYSTEM "http://testng.org/testng-1.0.dtd" >
<suite name="TestAutoria" verbose="5">
	<test name="TestAutoria">
		<classes>
			<class name="framework.autoria.search.AutoRiaSearchTestSuite" />
		</classes>
	</test>
</suite>