<?xml version="1.0" encoding="UTF-8"?>
<!DOCTYPE suite SYSTEM "http://testng.org/testng-1.0.dtd" >
<suite name="FrameworkTest" verbose="5">
	<!-- <parameter name="browserName" value="firefox"/> -->
	<test name="TestLQAS">
		<classes>
			<class name="framework.lits.menuhometests.ContactHomeMenuTestSuite" />
			<class name="framework.lits.signupstudenttests.SignUpStudentPageTestSuite" />
			<class name="framework.lits.hometests.HomePageTestSuite" />
			<class name="framework.lits.menuhometests.SchoolHomeMenuTestSuite" />
		</classes>
	</test>
</suite>