<?xml version="1.0" encoding="UTF-8"?>
<!DOCTYPE suite SYSTEM "http://testng.org/testng-1.0.dtd" >
<suite name="TestBestBuy" verbose="5">
	<test name="TestBestBuy">
		<classes>
			<class name="framework.bestbuy.searchtest.BestBuySearchTestSuite" />
		</classes>
	</test>
</suite>